<?xml version="1.0" encoding="UTF-8"?>
<testng-results ignored="0" total="1" passed="1" failed="0" skipped="0">
  <reporter-output>
  </reporter-output>
  <suite started-at="2024-05-09T18:53:08 IST" name="Default suite" finished-at="2024-05-09T18:53:21 IST" duration-ms="12686">
    <groups>
    </groups>
    <test started-at="2024-05-09T18:53:08 IST" name="Default test" finished-at="2024-05-09T18:53:21 IST" duration-ms="12686">
      <class name="com.appium.Appium.Base">
        <test-method signature="configuration()[pri:0, instance:com.appium.Appium.Base@9597028]" started-at="2024-05-09T18:53:08 IST" name="configuration" finished-at="2024-05-09T18:53:21 IST" duration-ms="12652" status="PASS">
          <reporter-output>
          </reporter-output>
        </test-method> <!-- configuration -->
      </class> <!-- com.appium.Appium.Base -->
    </test> <!-- Default test -->
  </suite> <!-- Default suite -->
</testng-results>
